SQ v0.5.5 - Multi-tenant mode
Loaded 500 tenants from /home/wbic16/.openclaw/workspace/r21/founding-500-tokens.json
  - founding-494 (/var/lib/sq/tenants/founding-494)
  - founding-50 (/var/lib/sq/tenants/founding-50)
  - founding-171 (/var/lib/sq/tenants/founding-171)
  - founding-382 (/var/lib/sq/tenants/founding-382)
  - founding-1 (/var/lib/sq/tenants/founding-1)
  - founding-106 (/var/lib/sq/tenants/founding-106)
  - founding-346 (/var/lib/sq/tenants/founding-346)
  - founding-480 (/var/lib/sq/tenants/founding-480)
  - founding-495 (/var/lib/sq/tenants/founding-495)
  - founding-407 (/var/lib/sq/tenants/founding-407)
  - founding-31 (/var/lib/sq/tenants/founding-31)
  - founding-35 (/var/lib/sq/tenants/founding-35)
  - founding-29 (/var/lib/sq/tenants/founding-29)
  - founding-283 (/var/lib/sq/tenants/founding-283)
  - founding-247 (/var/lib/sq/tenants/founding-247)
  - founding-383 (/var/lib/sq/tenants/founding-383)
  - founding-165 (/var/lib/sq/tenants/founding-165)
  - founding-355 (/var/lib/sq/tenants/founding-355)
  - founding-19 (/var/lib/sq/tenants/founding-19)
  - founding-20 (/var/lib/sq/tenants/founding-20)
  - founding-134 (/var/lib/sq/tenants/founding-134)
  - founding-252 (/var/lib/sq/tenants/founding-252)
  - founding-362 (/var/lib/sq/tenants/founding-362)
  - founding-431 (/var/lib/sq/tenants/founding-431)
  - founding-97 (/var/lib/sq/tenants/founding-97)
  - founding-17 (/var/lib/sq/tenants/founding-17)
  - founding-215 (/var/lib/sq/tenants/founding-215)
  - founding-358 (/var/lib/sq/tenants/founding-358)
  - founding-213 (/var/lib/sq/tenants/founding-213)
  - founding-496 (/var/lib/sq/tenants/founding-496)
  - founding-266 (/var/lib/sq/tenants/founding-266)
  - founding-234 (/var/lib/sq/tenants/founding-234)
  - founding-99 (/var/lib/sq/tenants/founding-99)
  - founding-230 (/var/lib/sq/tenants/founding-230)
  - founding-119 (/var/lib/sq/tenants/founding-119)
  - founding-8 (/var/lib/sq/tenants/founding-8)
  - founding-72 (/var/lib/sq/tenants/founding-72)
  - founding-120 (/var/lib/sq/tenants/founding-120)
  - founding-131 (/var/lib/sq/tenants/founding-131)
  - founding-58 (/var/lib/sq/tenants/founding-58)
  - founding-236 (/var/lib/sq/tenants/founding-236)
  - founding-105 (/var/lib/sq/tenants/founding-105)
  - founding-380 (/var/lib/sq/tenants/founding-380)
  - founding-251 (/var/lib/sq/tenants/founding-251)
  - founding-38 (/var/lib/sq/tenants/founding-38)
  - founding-224 (/var/lib/sq/tenants/founding-224)
  - founding-316 (/var/lib/sq/tenants/founding-316)
  - founding-144 (/var/lib/sq/tenants/founding-144)
  - founding-457 (/var/lib/sq/tenants/founding-457)
  - founding-53 (/var/lib/sq/tenants/founding-53)
  - founding-7 (/var/lib/sq/tenants/founding-7)
  - founding-394 (/var/lib/sq/tenants/founding-394)
  - founding-329 (/var/lib/sq/tenants/founding-329)
  - founding-272 (/var/lib/sq/tenants/founding-272)
  - founding-26 (/var/lib/sq/tenants/founding-26)
  - founding-481 (/var/lib/sq/tenants/founding-481)
  - founding-374 (/var/lib/sq/tenants/founding-374)
  - founding-113 (/var/lib/sq/tenants/founding-113)
  - founding-118 (/var/lib/sq/tenants/founding-118)
  - founding-452 (/var/lib/sq/tenants/founding-452)
  - founding-298 (/var/lib/sq/tenants/founding-298)
  - founding-332 (/var/lib/sq/tenants/founding-332)
  - founding-414 (/var/lib/sq/tenants/founding-414)
  - founding-319 (/var/lib/sq/tenants/founding-319)
  - founding-4 (/var/lib/sq/tenants/founding-4)
  - founding-160 (/var/lib/sq/tenants/founding-160)
  - founding-487 (/var/lib/sq/tenants/founding-487)
  - founding-57 (/var/lib/sq/tenants/founding-57)
  - founding-245 (/var/lib/sq/tenants/founding-245)
  - founding-208 (/var/lib/sq/tenants/founding-208)
  - founding-412 (/var/lib/sq/tenants/founding-412)
  - founding-168 (/var/lib/sq/tenants/founding-168)
  - founding-287 (/var/lib/sq/tenants/founding-287)
  - founding-137 (/var/lib/sq/tenants/founding-137)
  - founding-95 (/var/lib/sq/tenants/founding-95)
  - founding-195 (/var/lib/sq/tenants/founding-195)
  - founding-152 (/var/lib/sq/tenants/founding-152)
  - founding-400 (/var/lib/sq/tenants/founding-400)
  - founding-132 (/var/lib/sq/tenants/founding-132)
  - founding-163 (/var/lib/sq/tenants/founding-163)
  - founding-305 (/var/lib/sq/tenants/founding-305)
  - founding-42 (/var/lib/sq/tenants/founding-42)
  - founding-448 (/var/lib/sq/tenants/founding-448)
  - founding-117 (/var/lib/sq/tenants/founding-117)
  - founding-101 (/var/lib/sq/tenants/founding-101)
  - founding-324 (/var/lib/sq/tenants/founding-324)
  - founding-87 (/var/lib/sq/tenants/founding-87)
  - founding-415 (/var/lib/sq/tenants/founding-415)
  - founding-302 (/var/lib/sq/tenants/founding-302)
  - founding-436 (/var/lib/sq/tenants/founding-436)
  - founding-491 (/var/lib/sq/tenants/founding-491)
  - founding-341 (/var/lib/sq/tenants/founding-341)
  - founding-248 (/var/lib/sq/tenants/founding-248)
  - founding-141 (/var/lib/sq/tenants/founding-141)
  - founding-500 (/var/lib/sq/tenants/founding-500)
  - founding-201 (/var/lib/sq/tenants/founding-201)
  - founding-453 (/var/lib/sq/tenants/founding-453)
  - founding-479 (/var/lib/sq/tenants/founding-479)
  - founding-490 (/var/lib/sq/tenants/founding-490)
  - founding-148 (/var/lib/sq/tenants/founding-148)
  - founding-417 (/var/lib/sq/tenants/founding-417)
  - founding-216 (/var/lib/sq/tenants/founding-216)
  - founding-180 (/var/lib/sq/tenants/founding-180)
  - founding-88 (/var/lib/sq/tenants/founding-88)
  - founding-206 (/var/lib/sq/tenants/founding-206)
  - founding-138 (/var/lib/sq/tenants/founding-138)
  - founding-404 (/var/lib/sq/tenants/founding-404)
  - founding-166 (/var/lib/sq/tenants/founding-166)
  - founding-289 (/var/lib/sq/tenants/founding-289)
  - founding-307 (/var/lib/sq/tenants/founding-307)
  - founding-116 (/var/lib/sq/tenants/founding-116)
  - founding-127 (/var/lib/sq/tenants/founding-127)
  - founding-46 (/var/lib/sq/tenants/founding-46)
  - founding-275 (/var/lib/sq/tenants/founding-275)
  - founding-27 (/var/lib/sq/tenants/founding-27)
  - founding-36 (/var/lib/sq/tenants/founding-36)
  - founding-176 (/var/lib/sq/tenants/founding-176)
  - founding-493 (/var/lib/sq/tenants/founding-493)
  - founding-52 (/var/lib/sq/tenants/founding-52)
  - founding-41 (/var/lib/sq/tenants/founding-41)
  - founding-299 (/var/lib/sq/tenants/founding-299)
  - founding-344 (/var/lib/sq/tenants/founding-344)
  - founding-377 (/var/lib/sq/tenants/founding-377)
  - founding-69 (/var/lib/sq/tenants/founding-69)
  - founding-229 (/var/lib/sq/tenants/founding-229)
  - founding-139 (/var/lib/sq/tenants/founding-139)
  - founding-290 (/var/lib/sq/tenants/founding-290)
  - founding-253 (/var/lib/sq/tenants/founding-253)
  - founding-280 (/var/lib/sq/tenants/founding-280)
  - founding-178 (/var/lib/sq/tenants/founding-178)
  - founding-463 (/var/lib/sq/tenants/founding-463)
  - founding-288 (/var/lib/sq/tenants/founding-288)
  - founding-157 (/var/lib/sq/tenants/founding-157)
  - founding-387 (/var/lib/sq/tenants/founding-387)
  - founding-467 (/var/lib/sq/tenants/founding-467)
  - founding-142 (/var/lib/sq/tenants/founding-142)
  - founding-352 (/var/lib/sq/tenants/founding-352)
  - founding-217 (/var/lib/sq/tenants/founding-217)
  - founding-45 (/var/lib/sq/tenants/founding-45)
  - founding-292 (/var/lib/sq/tenants/founding-292)
  - founding-188 (/var/lib/sq/tenants/founding-188)
  - founding-123 (/var/lib/sq/tenants/founding-123)
  - founding-194 (/var/lib/sq/tenants/founding-194)
  - founding-70 (/var/lib/sq/tenants/founding-70)
  - founding-182 (/var/lib/sq/tenants/founding-182)
  - founding-484 (/var/lib/sq/tenants/founding-484)
  - founding-434 (/var/lib/sq/tenants/founding-434)
  - founding-285 (/var/lib/sq/tenants/founding-285)
  - founding-498 (/var/lib/sq/tenants/founding-498)
  - founding-150 (/var/lib/sq/tenants/founding-150)
  - founding-418 (/var/lib/sq/tenants/founding-418)
  - founding-149 (/var/lib/sq/tenants/founding-149)
  - founding-225 (/var/lib/sq/tenants/founding-225)
  - founding-311 (/var/lib/sq/tenants/founding-311)
  - founding-335 (/var/lib/sq/tenants/founding-335)
  - founding-232 (/var/lib/sq/tenants/founding-232)
  - founding-16 (/var/lib/sq/tenants/founding-16)
  - founding-162 (/var/lib/sq/tenants/founding-162)
  - founding-220 (/var/lib/sq/tenants/founding-220)
  - founding-109 (/var/lib/sq/tenants/founding-109)
  - founding-478 (/var/lib/sq/tenants/founding-478)
  - founding-67 (/var/lib/sq/tenants/founding-67)
  - founding-125 (/var/lib/sq/tenants/founding-125)
  - founding-268 (/var/lib/sq/tenants/founding-268)
  - founding-282 (/var/lib/sq/tenants/founding-282)
  - founding-411 (/var/lib/sq/tenants/founding-411)
  - founding-122 (/var/lib/sq/tenants/founding-122)
  - founding-281 (/var/lib/sq/tenants/founding-281)
  - founding-9 (/var/lib/sq/tenants/founding-9)
  - founding-130 (/var/lib/sq/tenants/founding-130)
  - founding-155 (/var/lib/sq/tenants/founding-155)
  - founding-255 (/var/lib/sq/tenants/founding-255)
  - founding-263 (/var/lib/sq/tenants/founding-263)
  - founding-359 (/var/lib/sq/tenants/founding-359)
  - founding-386 (/var/lib/sq/tenants/founding-386)
  - founding-423 (/var/lib/sq/tenants/founding-423)
  - founding-104 (/var/lib/sq/tenants/founding-104)
  - founding-370 (/var/lib/sq/tenants/founding-370)
  - founding-304 (/var/lib/sq/tenants/founding-304)
  - founding-82 (/var/lib/sq/tenants/founding-82)
  - founding-135 (/var/lib/sq/tenants/founding-135)
  - founding-357 (/var/lib/sq/tenants/founding-357)
  - founding-466 (/var/lib/sq/tenants/founding-466)
  - founding-233 (/var/lib/sq/tenants/founding-233)
  - founding-313 (/var/lib/sq/tenants/founding-313)
  - founding-472 (/var/lib/sq/tenants/founding-472)
  - founding-98 (/var/lib/sq/tenants/founding-98)
  - founding-170 (/var/lib/sq/tenants/founding-170)
  - founding-297 (/var/lib/sq/tenants/founding-297)
  - founding-269 (/var/lib/sq/tenants/founding-269)
  - founding-318 (/var/lib/sq/tenants/founding-318)
  - founding-219 (/var/lib/sq/tenants/founding-219)
  - founding-146 (/var/lib/sq/tenants/founding-146)
  - founding-62 (/var/lib/sq/tenants/founding-62)
  - founding-301 (/var/lib/sq/tenants/founding-301)
  - founding-228 (/var/lib/sq/tenants/founding-228)
  - founding-428 (/var/lib/sq/tenants/founding-428)
  - founding-209 (/var/lib/sq/tenants/founding-209)
  - founding-191 (/var/lib/sq/tenants/founding-191)
  - founding-147 (/var/lib/sq/tenants/founding-147)
  - founding-473 (/var/lib/sq/tenants/founding-473)
  - founding-74 (/var/lib/sq/tenants/founding-74)
  - founding-91 (/var/lib/sq/tenants/founding-91)
  - founding-336 (/var/lib/sq/tenants/founding-336)
  - founding-30 (/var/lib/sq/tenants/founding-30)
  - founding-77 (/var/lib/sq/tenants/founding-77)
  - founding-186 (/var/lib/sq/tenants/founding-186)
  - founding-196 (/var/lib/sq/tenants/founding-196)
  - founding-211 (/var/lib/sq/tenants/founding-211)
  - founding-419 (/var/lib/sq/tenants/founding-419)
  - founding-459 (/var/lib/sq/tenants/founding-459)
  - founding-474 (/var/lib/sq/tenants/founding-474)
  - founding-111 (/var/lib/sq/tenants/founding-111)
  - founding-461 (/var/lib/sq/tenants/founding-461)
  - founding-174 (/var/lib/sq/tenants/founding-174)
  - founding-365 (/var/lib/sq/tenants/founding-365)
  - founding-389 (/var/lib/sq/tenants/founding-389)
  - founding-78 (/var/lib/sq/tenants/founding-78)
  - founding-140 (/var/lib/sq/tenants/founding-140)
  - founding-306 (/var/lib/sq/tenants/founding-306)
  - founding-435 (/var/lib/sq/tenants/founding-435)
  - founding-462 (/var/lib/sq/tenants/founding-462)
  - founding-361 (/var/lib/sq/tenants/founding-361)
  - founding-425 (/var/lib/sq/tenants/founding-425)
  - founding-61 (/var/lib/sq/tenants/founding-61)
  - founding-303 (/var/lib/sq/tenants/founding-303)
  - founding-393 (/var/lib/sq/tenants/founding-393)
  - founding-83 (/var/lib/sq/tenants/founding-83)
  - founding-102 (/var/lib/sq/tenants/founding-102)
  - founding-159 (/var/lib/sq/tenants/founding-159)
  - founding-408 (/var/lib/sq/tenants/founding-408)
  - founding-158 (/var/lib/sq/tenants/founding-158)
  - founding-257 (/var/lib/sq/tenants/founding-257)
  - founding-221 (/var/lib/sq/tenants/founding-221)
  - founding-369 (/var/lib/sq/tenants/founding-369)
  - founding-371 (/var/lib/sq/tenants/founding-371)
  - founding-450 (/var/lib/sq/tenants/founding-450)
  - founding-295 (/var/lib/sq/tenants/founding-295)
  - founding-143 (/var/lib/sq/tenants/founding-143)
  - founding-317 (/var/lib/sq/tenants/founding-317)
  - founding-401 (/var/lib/sq/tenants/founding-401)
  - founding-353 (/var/lib/sq/tenants/founding-353)
  - founding-44 (/var/lib/sq/tenants/founding-44)
  - founding-5 (/var/lib/sq/tenants/founding-5)
  - founding-350 (/var/lib/sq/tenants/founding-350)
  - founding-93 (/var/lib/sq/tenants/founding-93)
  - founding-13 (/var/lib/sq/tenants/founding-13)
  - founding-22 (/var/lib/sq/tenants/founding-22)
  - founding-205 (/var/lib/sq/tenants/founding-205)
  - founding-172 (/var/lib/sq/tenants/founding-172)
  - founding-430 (/var/lib/sq/tenants/founding-430)
  - founding-246 (/var/lib/sq/tenants/founding-246)
  - founding-184 (/var/lib/sq/tenants/founding-184)
  - founding-446 (/var/lib/sq/tenants/founding-446)
  - founding-486 (/var/lib/sq/tenants/founding-486)
  - founding-381 (/var/lib/sq/tenants/founding-381)
  - founding-354 (/var/lib/sq/tenants/founding-354)
  - founding-397 (/var/lib/sq/tenants/founding-397)
  - founding-433 (/var/lib/sq/tenants/founding-433)
  - founding-443 (/var/lib/sq/tenants/founding-443)
  - founding-360 (/var/lib/sq/tenants/founding-360)
  - founding-103 (/var/lib/sq/tenants/founding-103)
  - founding-367 (/var/lib/sq/tenants/founding-367)
  - founding-426 (/var/lib/sq/tenants/founding-426)
  - founding-89 (/var/lib/sq/tenants/founding-89)
  - founding-342 (/var/lib/sq/tenants/founding-342)
  - founding-136 (/var/lib/sq/tenants/founding-136)
  - founding-286 (/var/lib/sq/tenants/founding-286)
  - founding-294 (/var/lib/sq/tenants/founding-294)
  - founding-80 (/var/lib/sq/tenants/founding-80)
  - founding-108 (/var/lib/sq/tenants/founding-108)
  - founding-126 (/var/lib/sq/tenants/founding-126)
  - founding-326 (/var/lib/sq/tenants/founding-326)
  - founding-437 (/var/lib/sq/tenants/founding-437)
  - founding-81 (/var/lib/sq/tenants/founding-81)
  - founding-192 (/var/lib/sq/tenants/founding-192)
  - founding-175 (/var/lib/sq/tenants/founding-175)
  - founding-339 (/var/lib/sq/tenants/founding-339)
  - founding-92 (/var/lib/sq/tenants/founding-92)
  - founding-145 (/var/lib/sq/tenants/founding-145)
  - founding-477 (/var/lib/sq/tenants/founding-477)
  - founding-308 (/var/lib/sq/tenants/founding-308)
  - founding-32 (/var/lib/sq/tenants/founding-32)
  - founding-107 (/var/lib/sq/tenants/founding-107)
  - founding-133 (/var/lib/sq/tenants/founding-133)
  - founding-193 (/var/lib/sq/tenants/founding-193)
  - founding-212 (/var/lib/sq/tenants/founding-212)
  - founding-237 (/var/lib/sq/tenants/founding-237)
  - founding-124 (/var/lib/sq/tenants/founding-124)
  - founding-223 (/var/lib/sq/tenants/founding-223)
  - founding-291 (/var/lib/sq/tenants/founding-291)
  - founding-227 (/var/lib/sq/tenants/founding-227)
  - founding-320 (/var/lib/sq/tenants/founding-320)
  - founding-413 (/var/lib/sq/tenants/founding-413)
  - founding-204 (/var/lib/sq/tenants/founding-204)
  - founding-356 (/var/lib/sq/tenants/founding-356)
  - founding-482 (/var/lib/sq/tenants/founding-482)
  - founding-240 (/var/lib/sq/tenants/founding-240)
  - founding-48 (/var/lib/sq/tenants/founding-48)
  - founding-439 (/var/lib/sq/tenants/founding-439)
  - founding-315 (/var/lib/sq/tenants/founding-315)
  - founding-300 (/var/lib/sq/tenants/founding-300)
  - founding-218 (/var/lib/sq/tenants/founding-218)
  - founding-183 (/var/lib/sq/tenants/founding-183)
  - founding-151 (/var/lib/sq/tenants/founding-151)
  - founding-429 (/var/lib/sq/tenants/founding-429)
  - founding-390 (/var/lib/sq/tenants/founding-390)
  - founding-445 (/var/lib/sq/tenants/founding-445)
  - founding-499 (/var/lib/sq/tenants/founding-499)
  - founding-328 (/var/lib/sq/tenants/founding-328)
  - founding-96 (/var/lib/sq/tenants/founding-96)
  - founding-331 (/var/lib/sq/tenants/founding-331)
  - founding-169 (/var/lib/sq/tenants/founding-169)
  - founding-483 (/var/lib/sq/tenants/founding-483)
  - founding-79 (/var/lib/sq/tenants/founding-79)
  - founding-284 (/var/lib/sq/tenants/founding-284)
  - founding-49 (/var/lib/sq/tenants/founding-49)
  - founding-323 (/var/lib/sq/tenants/founding-323)
  - founding-199 (/var/lib/sq/tenants/founding-199)
  - founding-322 (/var/lib/sq/tenants/founding-322)
  - founding-112 (/var/lib/sq/tenants/founding-112)
  - founding-128 (/var/lib/sq/tenants/founding-128)
  - founding-14 (/var/lib/sq/tenants/founding-14)
  - founding-376 (/var/lib/sq/tenants/founding-376)
  - founding-84 (/var/lib/sq/tenants/founding-84)
  - founding-465 (/var/lib/sq/tenants/founding-465)
  - founding-73 (/var/lib/sq/tenants/founding-73)
  - founding-293 (/var/lib/sq/tenants/founding-293)
  - founding-347 (/var/lib/sq/tenants/founding-347)
  - founding-405 (/var/lib/sq/tenants/founding-405)
  - founding-441 (/var/lib/sq/tenants/founding-441)
  - founding-239 (/var/lib/sq/tenants/founding-239)
  - founding-416 (/var/lib/sq/tenants/founding-416)
  - founding-267 (/var/lib/sq/tenants/founding-267)
  - founding-489 (/var/lib/sq/tenants/founding-489)
  - founding-444 (/var/lib/sq/tenants/founding-444)
  - founding-64 (/var/lib/sq/tenants/founding-64)
  - founding-12 (/var/lib/sq/tenants/founding-12)
  - founding-314 (/var/lib/sq/tenants/founding-314)
  - founding-309 (/var/lib/sq/tenants/founding-309)
  - founding-40 (/var/lib/sq/tenants/founding-40)
  - founding-55 (/var/lib/sq/tenants/founding-55)
  - founding-189 (/var/lib/sq/tenants/founding-189)
  - founding-222 (/var/lib/sq/tenants/founding-222)
  - founding-154 (/var/lib/sq/tenants/founding-154)
  - founding-2 (/var/lib/sq/tenants/founding-2)
  - founding-364 (/var/lib/sq/tenants/founding-364)
  - founding-403 (/var/lib/sq/tenants/founding-403)
  - founding-392 (/var/lib/sq/tenants/founding-392)
  - founding-432 (/var/lib/sq/tenants/founding-432)
  - founding-395 (/var/lib/sq/tenants/founding-395)
  - founding-373 (/var/lib/sq/tenants/founding-373)
  - founding-398 (/var/lib/sq/tenants/founding-398)
  - founding-458 (/var/lib/sq/tenants/founding-458)
  - founding-21 (/var/lib/sq/tenants/founding-21)
  - founding-60 (/var/lib/sq/tenants/founding-60)
  - founding-379 (/var/lib/sq/tenants/founding-379)
  - founding-39 (/var/lib/sq/tenants/founding-39)
  - founding-11 (/var/lib/sq/tenants/founding-11)
  - founding-337 (/var/lib/sq/tenants/founding-337)
  - founding-343 (/var/lib/sq/tenants/founding-343)
  - founding-18 (/var/lib/sq/tenants/founding-18)
  - founding-47 (/var/lib/sq/tenants/founding-47)
  - founding-406 (/var/lib/sq/tenants/founding-406)
  - founding-86 (/var/lib/sq/tenants/founding-86)
  - founding-203 (/var/lib/sq/tenants/founding-203)
  - founding-65 (/var/lib/sq/tenants/founding-65)
  - founding-187 (/var/lib/sq/tenants/founding-187)
  - founding-273 (/var/lib/sq/tenants/founding-273)
  - founding-15 (/var/lib/sq/tenants/founding-15)
  - founding-340 (/var/lib/sq/tenants/founding-340)
  - founding-85 (/var/lib/sq/tenants/founding-85)
  - founding-25 (/var/lib/sq/tenants/founding-25)
  - founding-34 (/var/lib/sq/tenants/founding-34)
  - founding-348 (/var/lib/sq/tenants/founding-348)
  - founding-442 (/var/lib/sq/tenants/founding-442)
  - founding-181 (/var/lib/sq/tenants/founding-181)
  - founding-242 (/var/lib/sq/tenants/founding-242)
  - founding-270 (/var/lib/sq/tenants/founding-270)
  - founding-333 (/var/lib/sq/tenants/founding-333)
  - founding-454 (/var/lib/sq/tenants/founding-454)
  - founding-497 (/var/lib/sq/tenants/founding-497)
  - founding-90 (/var/lib/sq/tenants/founding-90)
  - founding-421 (/var/lib/sq/tenants/founding-421)
  - founding-330 (/var/lib/sq/tenants/founding-330)
  - founding-488 (/var/lib/sq/tenants/founding-488)
  - founding-492 (/var/lib/sq/tenants/founding-492)
  - founding-368 (/var/lib/sq/tenants/founding-368)
  - founding-470 (/var/lib/sq/tenants/founding-470)
  - founding-455 (/var/lib/sq/tenants/founding-455)
  - founding-63 (/var/lib/sq/tenants/founding-63)
  - founding-409 (/var/lib/sq/tenants/founding-409)
  - founding-254 (/var/lib/sq/tenants/founding-254)
  - founding-238 (/var/lib/sq/tenants/founding-238)
  - founding-260 (/var/lib/sq/tenants/founding-260)
  - founding-271 (/var/lib/sq/tenants/founding-271)
  - founding-279 (/var/lib/sq/tenants/founding-279)
  - founding-43 (/var/lib/sq/tenants/founding-43)
  - founding-75 (/var/lib/sq/tenants/founding-75)
  - founding-231 (/var/lib/sq/tenants/founding-231)
  - founding-385 (/var/lib/sq/tenants/founding-385)
  - founding-110 (/var/lib/sq/tenants/founding-110)
  - founding-66 (/var/lib/sq/tenants/founding-66)
  - founding-261 (/var/lib/sq/tenants/founding-261)
  - founding-447 (/var/lib/sq/tenants/founding-447)
  - founding-456 (/var/lib/sq/tenants/founding-456)
  - founding-243 (/var/lib/sq/tenants/founding-243)
  - founding-476 (/var/lib/sq/tenants/founding-476)
  - founding-256 (/var/lib/sq/tenants/founding-256)
  - founding-372 (/var/lib/sq/tenants/founding-372)
  - founding-3 (/var/lib/sq/tenants/founding-3)
  - founding-226 (/var/lib/sq/tenants/founding-226)
  - founding-241 (/var/lib/sq/tenants/founding-241)
  - founding-54 (/var/lib/sq/tenants/founding-54)
  - founding-420 (/var/lib/sq/tenants/founding-420)
  - founding-485 (/var/lib/sq/tenants/founding-485)
  - founding-161 (/var/lib/sq/tenants/founding-161)
  - founding-264 (/var/lib/sq/tenants/founding-264)
  - founding-156 (/var/lib/sq/tenants/founding-156)
  - founding-449 (/var/lib/sq/tenants/founding-449)
  - founding-388 (/var/lib/sq/tenants/founding-388)
  - founding-265 (/var/lib/sq/tenants/founding-265)
  - founding-396 (/var/lib/sq/tenants/founding-396)
  - founding-278 (/var/lib/sq/tenants/founding-278)
  - founding-28 (/var/lib/sq/tenants/founding-28)
  - founding-190 (/var/lib/sq/tenants/founding-190)
  - founding-207 (/var/lib/sq/tenants/founding-207)
  - founding-464 (/var/lib/sq/tenants/founding-464)
  - founding-198 (/var/lib/sq/tenants/founding-198)
  - founding-6 (/var/lib/sq/tenants/founding-6)
  - founding-468 (/var/lib/sq/tenants/founding-468)
  - founding-249 (/var/lib/sq/tenants/founding-249)
  - founding-469 (/var/lib/sq/tenants/founding-469)
  - founding-115 (/var/lib/sq/tenants/founding-115)
  - founding-440 (/var/lib/sq/tenants/founding-440)
  - founding-185 (/var/lib/sq/tenants/founding-185)
  - founding-68 (/var/lib/sq/tenants/founding-68)
  - founding-327 (/var/lib/sq/tenants/founding-327)
  - founding-384 (/var/lib/sq/tenants/founding-384)
  - founding-59 (/var/lib/sq/tenants/founding-59)
  - founding-274 (/var/lib/sq/tenants/founding-274)
  - founding-164 (/var/lib/sq/tenants/founding-164)
  - founding-177 (/var/lib/sq/tenants/founding-177)
  - founding-424 (/var/lib/sq/tenants/founding-424)
  - founding-422 (/var/lib/sq/tenants/founding-422)
  - founding-114 (/var/lib/sq/tenants/founding-114)
  - founding-94 (/var/lib/sq/tenants/founding-94)
  - founding-244 (/var/lib/sq/tenants/founding-244)
  - founding-375 (/var/lib/sq/tenants/founding-375)
  - founding-153 (/var/lib/sq/tenants/founding-153)
  - founding-37 (/var/lib/sq/tenants/founding-37)
  - founding-23 (/var/lib/sq/tenants/founding-23)
  - founding-310 (/var/lib/sq/tenants/founding-310)
  - founding-214 (/var/lib/sq/tenants/founding-214)
  - founding-338 (/var/lib/sq/tenants/founding-338)
  - founding-438 (/var/lib/sq/tenants/founding-438)
  - founding-475 (/var/lib/sq/tenants/founding-475)
  - founding-235 (/var/lib/sq/tenants/founding-235)
  - founding-399 (/var/lib/sq/tenants/founding-399)
  - founding-349 (/var/lib/sq/tenants/founding-349)
  - founding-51 (/var/lib/sq/tenants/founding-51)
  - founding-179 (/var/lib/sq/tenants/founding-179)
  - founding-391 (/var/lib/sq/tenants/founding-391)
  - founding-173 (/var/lib/sq/tenants/founding-173)
  - founding-402 (/var/lib/sq/tenants/founding-402)
  - founding-250 (/var/lib/sq/tenants/founding-250)
  - founding-325 (/var/lib/sq/tenants/founding-325)
  - founding-345 (/var/lib/sq/tenants/founding-345)
  - founding-259 (/var/lib/sq/tenants/founding-259)
  - founding-200 (/var/lib/sq/tenants/founding-200)
  - founding-321 (/var/lib/sq/tenants/founding-321)
  - founding-258 (/var/lib/sq/tenants/founding-258)
  - founding-410 (/var/lib/sq/tenants/founding-410)
  - founding-351 (/var/lib/sq/tenants/founding-351)
  - founding-100 (/var/lib/sq/tenants/founding-100)
  - founding-427 (/var/lib/sq/tenants/founding-427)
  - founding-167 (/var/lib/sq/tenants/founding-167)
  - founding-33 (/var/lib/sq/tenants/founding-33)
  - founding-10 (/var/lib/sq/tenants/founding-10)
  - founding-129 (/var/lib/sq/tenants/founding-129)
  - founding-296 (/var/lib/sq/tenants/founding-296)
  - founding-210 (/var/lib/sq/tenants/founding-210)
  - founding-76 (/var/lib/sq/tenants/founding-76)
  - founding-378 (/var/lib/sq/tenants/founding-378)
  - founding-121 (/var/lib/sq/tenants/founding-121)
  - founding-471 (/var/lib/sq/tenants/founding-471)
  - founding-71 (/var/lib/sq/tenants/founding-71)
  - founding-366 (/var/lib/sq/tenants/founding-366)
  - founding-202 (/var/lib/sq/tenants/founding-202)
  - founding-276 (/var/lib/sq/tenants/founding-276)
  - founding-451 (/var/lib/sq/tenants/founding-451)
  - founding-277 (/var/lib/sq/tenants/founding-277)
  - founding-262 (/var/lib/sq/tenants/founding-262)
  - founding-460 (/var/lib/sq/tenants/founding-460)
  - founding-56 (/var/lib/sq/tenants/founding-56)
  - founding-312 (/var/lib/sq/tenants/founding-312)
  - founding-334 (/var/lib/sq/tenants/founding-334)
  - founding-363 (/var/lib/sq/tenants/founding-363)
  - founding-24 (/var/lib/sq/tenants/founding-24)
  - founding-197 (/var/lib/sq/tenants/founding-197)
Listening on port 9999...
Failed to read /var/lib/sq/tenants/founding-1/welcome.phext: No such file or directory (os error 2)
Failed to read /var/lib/sq/tenants/founding-1/welcome.phext: No such file or directory (os error 2)
Failed to read /var/lib/sq/tenants/founding-1/.phext: No such file or directory (os error 2)
